This is pdfTeX, Version 3.141592653-2.6-1.40.22 (TeX Live 2021) (preloaded format=pdflatex 2021.10.11)  28 OCT 2022 22:20
entering extended mode
 restricted \write18 enabled.
 file:line:error style messages enabled.
 %&-line parsing enabled.
**tw.tex
(./tw.tex
LaTeX2e <2020-10-01> patch level 4
L3 programming layer <2021-02-18>
(/usr/local/texlive/2021/texmf-dist/tex/latex/base/article.cls
Document Class: article 2020/04/10 v1.4m Standard LaTeX document class
(/usr/local/texlive/2021/texmf-dist/tex/latex/base/size12.clo
File: size12.clo 2020/04/10 v1.4m Standard LaTeX file (size option)
)
\c@part=\count179
\c@section=\count180
\c@subsection=\count181
\c@subsubsection=\count182
\c@paragraph=\count183
\c@subparagraph=\count184
\c@figure=\count185
\c@table=\count186
\abovecaptionskip=\skip47
\belowcaptionskip=\skip48
\bibindent=\dimen138
)
(/usr/local/texlive/2021/texmf-dist/tex/latex/mathtools/mathtools.sty
Package: mathtools 2021/03/18 v1.25 mathematical typesetting tools

(/usr/local/texlive/2021/texmf-dist/tex/latex/graphics/keyval.sty
Package: keyval 2014/10/28 v1.15 key=value parser (DPC)
\KV@toks@=\toks15
)
(/usr/local/texlive/2021/texmf-dist/tex/latex/tools/calc.sty
Package: calc 2017/05/25 v4.3 Infix arithmetic (KKT,FJ)
\calc@Acount=\count187
\calc@Bcount=\count188
\calc@Adimen=\dimen139
\calc@Bdimen=\dimen140
\calc@Askip=\skip49
\calc@Bskip=\skip50
LaTeX Info: Redefining \setlength on input line 80.
LaTeX Info: Redefining \addtolength on input line 81.
\calc@Ccount=\count189
\calc@Cskip=\skip51
)
(/usr/local/texlive/2021/texmf-dist/tex/latex/mathtools/mhsetup.sty
Package: mhsetup 2021/03/18 v1.4 programming setup (MH)
)
(/usr/local/texlive/2021/texmf-dist/tex/latex/amsmath/amsmath.sty
Package: amsmath 2020/09/23 v2.17i AMS math features
\@mathmargin=\skip52

For additional information on amsmath, use the `?' option.
(/usr/local/texlive/2021/texmf-dist/tex/latex/amsmath/amstext.sty
Package: amstext 2000/06/29 v2.01 AMS text

(/usr/local/texlive/2021/texmf-dist/tex/latex/amsmath/amsgen.sty
File: amsgen.sty 1999/11/30 v2.0 generic functions
\@emptytoks=\toks16
\ex@=\dimen141
))
(/usr/local/texlive/2021/texmf-dist/tex/latex/amsmath/amsbsy.sty
Package: amsbsy 1999/11/29 v1.2d Bold Symbols
\pmbraise@=\dimen142
)
(/usr/local/texlive/2021/texmf-dist/tex/latex/amsmath/amsopn.sty
Package: amsopn 2016/03/08 v2.02 operator names
)
\inf@bad=\count190
LaTeX Info: Redefining \frac on input line 234.
\uproot@=\count191
\leftroot@=\count192
LaTeX Info: Redefining \overline on input line 399.
\classnum@=\count193
\DOTSCASE@=\count194
LaTeX Info: Redefining \ldots on input line 496.
LaTeX Info: Redefining \dots on input line 499.
LaTeX Info: Redefining \cdots on input line 620.
\Mathstrutbox@=\box47
\strutbox@=\box48
\big@size=\dimen143
LaTeX Font Info:    Redeclaring font encoding OML on input line 743.
LaTeX Font Info:    Redeclaring font encoding OMS on input line 744.
\macc@depth=\count195
\c@MaxMatrixCols=\count196
\dotsspace@=\muskip16
\c@parentequation=\count197
\dspbrk@lvl=\count198
\tag@help=\toks17
\row@=\count199
\column@=\count266
\maxfields@=\count267
\andhelp@=\toks18
\eqnshift@=\dimen144
\alignsep@=\dimen145
\tagshift@=\dimen146
\tagwidth@=\dimen147
\totwidth@=\dimen148
\lineht@=\dimen149
\@envbody=\toks19
\multlinegap=\skip53
\multlinetaggap=\skip54
\mathdisplay@stack=\toks20
LaTeX Info: Redefining \[ on input line 2923.
LaTeX Info: Redefining \] on input line 2924.
)
LaTeX Info: Thecontrolsequence`\('isalreadyrobust on input line 130.
LaTeX Info: Thecontrolsequence`\)'isalreadyrobust on input line 130.
LaTeX Info: Thecontrolsequence`\['isalreadyrobust on input line 130.
LaTeX Info: Thecontrolsequence`\]'isalreadyrobust on input line 130.
\g_MT_multlinerow_int=\count268
\l_MT_multwidth_dim=\dimen150
\origjot=\skip55
\l_MT_shortvdotswithinadjustabove_dim=\dimen151
\l_MT_shortvdotswithinadjustbelow_dim=\dimen152
\l_MT_above_intertext_sep=\dimen153
\l_MT_below_intertext_sep=\dimen154
\l_MT_above_shortintertext_sep=\dimen155
\l_MT_below_shortintertext_sep=\dimen156
\xmathstrut@box=\box49
\xmathstrut@dim=\dimen157
)
(/usr/local/texlive/2021/texmf-dist/tex/latex/graphics/graphicx.sty
Package: graphicx 2020/09/09 v1.2b Enhanced LaTeX Graphics (DPC,SPQR)

(/usr/local/texlive/2021/texmf-dist/tex/latex/graphics/graphics.sty
Package: graphics 2020/08/30 v1.4c Standard LaTeX Graphics (DPC,SPQR)

(/usr/local/texlive/2021/texmf-dist/tex/latex/graphics/trig.sty
Package: trig 2016/01/03 v1.10 sin cos tan (DPC)
)
(/usr/local/texlive/2021/texmf-dist/tex/latex/graphics-cfg/graphics.cfg
File: graphics.cfg 2016/06/04 v1.11 sample graphics configuration
)
Package graphics Info: Driver file: pdftex.def on input line 105.

(/usr/local/texlive/2021/texmf-dist/tex/latex/graphics-def/pdftex.def
File: pdftex.def 2020/10/05 v1.2a Graphics/color driver for pdftex
))
\Gin@req@height=\dimen158
\Gin@req@width=\dimen159
)
(/usr/local/texlive/2021/texmf-dist/tex/latex/amsfonts/amssymb.sty
Package: amssymb 2013/01/14 v3.01 AMS font symbols

(/usr/local/texlive/2021/texmf-dist/tex/latex/amsfonts/amsfonts.sty
Package: amsfonts 2013/01/14 v3.01 Basic AMSFonts support
\symAMSa=\mathgroup4
\symAMSb=\mathgroup5
LaTeX Font Info:    Redeclaring math symbol \hbar on input line 98.
LaTeX Font Info:    Overwriting math alphabet `\mathfrak' in version `bold'
(Font)                  U/euf/m/n --> U/euf/b/n on input line 106.
))
(/usr/local/texlive/2021/texmf-dist/tex/latex/amscls/amsthm.sty
Package: amsthm 2020/05/29 v2.20.6
\thm@style=\toks21
\thm@bodyfont=\toks22
\thm@headfont=\toks23
\thm@notefont=\toks24
\thm@headpunct=\toks25
\thm@preskip=\skip56
\thm@postskip=\skip57
\thm@headsep=\skip58
\dth@everypar=\toks26
)
(/usr/local/texlive/2021/texmf-dist/tex/latex/esvect/esvect.sty
Package: esvect 
\symesvector=\mathgroup6
)
(/usr/local/texlive/2021/texmf-dist/tex/latex/l3backend/l3backend-pdftex.def
File: l3backend-pdftex.def 2021-03-18 L3 backend support: PDF output (pdfTeX)
\l__color_backend_stack_int=\count269
\l__pdf_internal_box=\box50
)
(./tw.aux)
\openout1 = `tw.aux'.

LaTeX Font Info:    Checking defaults for OML/cmm/m/it on input line 17.
LaTeX Font Info:    ... okay on input line 17.
LaTeX Font Info:    Checking defaults for OMS/cmsy/m/n on input line 17.
LaTeX Font Info:    ... okay on input line 17.
LaTeX Font Info:    Checking defaults for OT1/cmr/m/n on input line 17.
LaTeX Font Info:    ... okay on input line 17.
LaTeX Font Info:    Checking defaults for T1/cmr/m/n on input line 17.
LaTeX Font Info:    ... okay on input line 17.
LaTeX Font Info:    Checking defaults for TS1/cmr/m/n on input line 17.
LaTeX Font Info:    ... okay on input line 17.
LaTeX Font Info:    Checking defaults for OMX/cmex/m/n on input line 17.
LaTeX Font Info:    ... okay on input line 17.
LaTeX Font Info:    Checking defaults for U/cmr/m/n on input line 17.
LaTeX Font Info:    ... okay on input line 17.

(/usr/local/texlive/2021/texmf-dist/tex/context/base/mkii/supp-pdf.mkii
[Loading MPS to PDF converter (version 2006.09.02).]
\scratchcounter=\count270
\scratchdimen=\dimen160
\scratchbox=\box51
\nofMPsegments=\count271
\nofMParguments=\count272
\everyMPshowfont=\toks27
\MPscratchCnt=\count273
\MPscratchDim=\dimen161
\MPnumerator=\count274
\makeMPintoPDFobject=\count275
\everyMPtoPDFconversion=\toks28
) (/usr/local/texlive/2021/texmf-dist/tex/latex/epstopdf-pkg/epstopdf-base.sty
Package: epstopdf-base 2020-01-24 v2.11 Base part for package epstopdf
Package epstopdf-base Info: Redefining graphics rule for `.eps' on input line 4
85.

(/usr/local/texlive/2021/texmf-dist/tex/latex/latexconfig/epstopdf-sys.cfg
File: epstopdf-sys.cfg 2010/07/13 v1.3 Configuration of (r)epstopdf for TeX Liv
e
))
LaTeX Font Info:    Trying to load font information for U+msa on input line 22.


(/usr/local/texlive/2021/texmf-dist/tex/latex/amsfonts/umsa.fd
File: umsa.fd 2013/01/14 v3.01 AMS symbols A
)
LaTeX Font Info:    Trying to load font information for U+msb on input line 22.


(/usr/local/texlive/2021/texmf-dist/tex/latex/amsfonts/umsb.fd
File: umsb.fd 2013/01/14 v3.01 AMS symbols B
)
LaTeX Font Info:    Trying to load font information for U+esvect on input line 
22.

(/usr/local/texlive/2021/texmf-dist/tex/latex/esvect/uesvect.fd
File: uesvect.fd 
)
Underfull \hbox (badness 10000) in paragraph at lines 18--28

 []


Underfull \hbox (badness 10000) in paragraph at lines 29--30

 []


Underfull \hbox (badness 10000) in paragraph at lines 31--34

 []


Overfull \hbox (26.90868pt too wide) in paragraph at lines 35--53
\OML/cmm/m/it/12 t \OT1/cmr/m/n/12 = 4$ $?(\OML/cmm/m/it/12 m[]\OT1/cmr/m/n/12 
?(\OML/cmm/m/it/12 m[]\OT1/cmr/m/n/12 ?(\OML/cmm/m/it/12 m[]\OT1/cmr/m/n/12 ?(\
OML/cmm/m/it/12 m[]\OT1/cmr/m/n/12 ?(\OML/cmm/m/it/12 i[]\OT1/cmr/m/n/12 )\OML/
cmm/m/it/12 i[]\OT1/cmr/m/n/12 )\OML/cmm/m/it/12 i[]\OT1/cmr/m/n/12 )\OML/cmm/m
/it/12 i[]\OT1/cmr/m/n/12 )\OML/cmm/m/it/12 i[]\OT1/cmr/m/n/12 ) \OMS/cmsy/m/n/
12 ! \OML/cmm/m/it/12 m[]\OT1/cmr/m/n/12 ?(\OML/cmm/m/it/12 m[]\OT1/cmr/m/n/12 
?(\OML/cmm/m/it/12 m[]\OT1/cmr/m/n/12 ?(\OML/cmm/m/it/12 m[]\OT1/cmr/m/n/12 ?(\
OML/cmm/m/it/12 m[]\OT1/cmr/m/n/12 ?(\OML/cmm/m/it/12 i[]\OT1/cmr/m/n/12 )\OML/
cmm/m/it/12 i[]\OT1/cmr/m/n/12 )\OML/cmm/m/it/12 i[]\OT1/cmr/m/n/12 )\OML/cmm/m
/it/12 i[]\OT1/cmr/m/n/12 )\OML/cmm/m/it/12 i[]\OT1/cmr/m/n/12 )$ 
 []


Overfull \hbox (103.85576pt too wide) in paragraph at lines 35--53
\OML/cmm/m/it/12 t \OT1/cmr/m/n/12 = 5$ $?(\OML/cmm/m/it/12 m[]\OT1/cmr/m/n/12 
?(\OML/cmm/m/it/12 m[]\OT1/cmr/m/n/12 ?(\OML/cmm/m/it/12 m[]\OT1/cmr/m/n/12 ?(\
OML/cmm/m/it/12 m[]\OT1/cmr/m/n/12 ?(\OML/cmm/m/it/12 m[]\OT1/cmr/m/n/12 ?(\OML
/cmm/m/it/12 i[]\OT1/cmr/m/n/12 )\OML/cmm/m/it/12 i[]\OT1/cmr/m/n/12 )\OML/cmm/
m/it/12 i[]\OT1/cmr/m/n/12 )\OML/cmm/m/it/12 i[]\OT1/cmr/m/n/12 )\OML/cmm/m/it/
12 i[]\OT1/cmr/m/n/12 )\OML/cmm/m/it/12 i[]\OT1/cmr/m/n/12 ) \OMS/cmsy/m/n/12 !
 \OML/cmm/m/it/12 m[]\OT1/cmr/m/n/12 ?(\OML/cmm/m/it/12 m[]\OT1/cmr/m/n/12 ?(\O
ML/cmm/m/it/12 m[]\OT1/cmr/m/n/12 ?(\OML/cmm/m/it/12 m[]\OT1/cmr/m/n/12 ?(\OML/
cmm/m/it/12 m[]\OT1/cmr/m/n/12 ?(\OML/cmm/m/it/12 m[]\OT1/cmr/m/n/12 ?(\OML/cmm
/m/it/12 i[]\OT1/cmr/m/n/12 )\OML/cmm/m/it/12 i[]\OT1/cmr/m/n/12 )\OML/cmm/m/it
/12 i[]\OT1/cmr/m/n/12 )\OML/cmm/m/it/12 i[]\OT1/cmr/m/n/12 )\OML/cmm/m/it/12 i
[]\OT1/cmr/m/n/12 )\OML/cmm/m/it/12 i[]\OT1/cmr/m/n/12 )$ 
 []


Overfull \hbox (180.80284pt too wide) in paragraph at lines 35--53
\OML/cmm/m/it/12 t \OT1/cmr/m/n/12 = 6$ $?(\OML/cmm/m/it/12 m[]\OT1/cmr/m/n/12 
?(\OML/cmm/m/it/12 m[]\OT1/cmr/m/n/12 ?(\OML/cmm/m/it/12 m[]\OT1/cmr/m/n/12 ?(\
OML/cmm/m/it/12 m[]\OT1/cmr/m/n/12 ?(\OML/cmm/m/it/12 m[]\OT1/cmr/m/n/12 ?(\OML
/cmm/m/it/12 m[]\OT1/cmr/m/n/12 ?(\OML/cmm/m/it/12 i[]\OT1/cmr/m/n/12 )\OML/cmm
/m/it/12 i[]\OT1/cmr/m/n/12 )\OML/cmm/m/it/12 i[]\OT1/cmr/m/n/12 )\OML/cmm/m/it
/12 i[]\OT1/cmr/m/n/12 )\OML/cmm/m/it/12 i[]\OT1/cmr/m/n/12 )\OML/cmm/m/it/12 i
[]\OT1/cmr/m/n/12 )\OML/cmm/m/it/12 i[]\OT1/cmr/m/n/12 ) \OMS/cmsy/m/n/12 ! \OM
L/cmm/m/it/12 m[]\OT1/cmr/m/n/12 ?(\OML/cmm/m/it/12 m[]\OT1/cmr/m/n/12 ?(\OML/c
mm/m/it/12 m[]\OT1/cmr/m/n/12 ?(\OML/cmm/m/it/12 m[]\OT1/cmr/m/n/12 ?(\OML/cmm/
m/it/12 m[]\OT1/cmr/m/n/12 ?(\OML/cmm/m/it/12 m[]\OT1/cmr/m/n/12 ?(\OML/cmm/m/i
t/12 m[]\OT1/cmr/m/n/12 ?(\OML/cmm/m/it/12 i[]\OT1/cmr/m/n/12 )\OML/cmm/m/it/12
 i[]\OT1/cmr/m/n/12 )\OML/cmm/m/it/12 i[]\OT1/cmr/m/n/12 )\OML/cmm/m/it/12 i[]\
OT1/cmr/m/n/12 )\OML/cmm/m/it/12 i[]\OT1/cmr/m/n/12 )\OML/cmm/m/it/12 i[]\OT1/c
mr/m/n/12 )\OML/cmm/m/it/12 i[]\OT1/cmr/m/n/12 )$ 
 []


Overfull \hbox (257.74992pt too wide) in paragraph at lines 35--53
\OML/cmm/m/it/12 t \OT1/cmr/m/n/12 = 7$ $?(\OML/cmm/m/it/12 m[]\OT1/cmr/m/n/12 
?(\OML/cmm/m/it/12 m[]\OT1/cmr/m/n/12 ?(\OML/cmm/m/it/12 m[]\OT1/cmr/m/n/12 ?(\
OML/cmm/m/it/12 m[]\OT1/cmr/m/n/12 ?(\OML/cmm/m/it/12 m[]\OT1/cmr/m/n/12 ?(\OML
/cmm/m/it/12 m[]\OT1/cmr/m/n/12 ?(\OML/cmm/m/it/12 m[]\OT1/cmr/m/n/12 ?(\OML/cm
m/m/it/12 i[]\OT1/cmr/m/n/12 )\OML/cmm/m/it/12 i[]\OT1/cmr/m/n/12 )\OML/cmm/m/i
t/12 i[]\OT1/cmr/m/n/12 )\OML/cmm/m/it/12 i[]\OT1/cmr/m/n/12 )\OML/cmm/m/it/12 
i[]\OT1/cmr/m/n/12 )\OML/cmm/m/it/12 i[]\OT1/cmr/m/n/12 )\OML/cmm/m/it/12 i[]\O
T1/cmr/m/n/12 )\OML/cmm/m/it/12 i[]\OT1/cmr/m/n/12 ) \OMS/cmsy/m/n/12 ! \OML/cm
m/m/it/12 m[]\OT1/cmr/m/n/12 ?(\OML/cmm/m/it/12 m[]\OT1/cmr/m/n/12 ?(\OML/cmm/m
/it/12 m[]\OT1/cmr/m/n/12 ?(\OML/cmm/m/it/12 m[]\OT1/cmr/m/n/12 ?(\OML/cmm/m/it
/12 m[]\OT1/cmr/m/n/12 ?(\OML/cmm/m/it/12 m[]\OT1/cmr/m/n/12 ?(\OML/cmm/m/it/12
 m[]\OT1/cmr/m/n/12 ?(\OML/cmm/m/it/12 m[]\OT1/cmr/m/n/12 ?(\OML/cmm/m/it/12 i[
]\OT1/cmr/m/n/12 )\OML/cmm/m/it/12 i[]\OT1/cmr/m/n/12 )\OML/cmm/m/it/12 i[]\OT1
/cmr/m/n/12 )\OML/cmm/m/it/12 i[]\OT1/cmr/m/n/12 )\OML/cmm/m/it/12 i[]\OT1/cmr/
m/n/12 )\OML/cmm/m/it/12 i[]\OT1/cmr/m/n/12 )\OML/cmm/m/it/12 i[]\OT1/cmr/m/n/1
2 )\OML/cmm/m/it/12 i[]\OT1/cmr/m/n/12 )$ 
 []


Overfull \hbox (23.5754pt too wide) in paragraph at lines 35--53
\OML/cmm/m/it/12 t \OT1/cmr/m/n/12 = 9$ $?(\OML/cmm/m/it/12 m[]\OT1/cmr/m/n/12 
?(\OML/cmm/m/it/12 m[]\OT1/cmr/m/n/12 ?(\OML/cmm/m/it/12 m[]\OT1/cmr/m/n/12 ?(\
OML/cmm/m/it/12 m[]\OT1/cmr/m/n/12 ?(\OML/cmm/m/it/12 m[]\OT1/cmr/m/n/12 ?(\OML
/cmm/m/it/12 m[]\OT1/cmr/m/n/12 ?(\OML/cmm/m/it/12 m[]\OT1/cmr/m/n/12 ?(\OML/cm
m/m/it/12 m[]\OT1/cmr/m/n/12 ?(\OML/cmm/m/it/12 m[]\OT1/cmr/m/n/12 ?(\OML/cmm/m
/it/12 i[]\OT1/cmr/m/n/12 )\OML/cmm/m/it/12 i[]\OT1/cmr/m/n/12 )\OML/cmm/m/it/1
2 i[]\OT1/cmr/m/n/12 )\OML/cmm/m/it/12 i[]\OT1/cmr/m/n/12 )\OML/cmm/m/it/12 i[]
\OT1/cmr/m/n/12 )\OML/cmm/m/it/12 i[]\OT1/cmr/m/n/12 )\OML/cmm/m/it/12 i[]\OT1/
cmr/m/n/12 )\OML/cmm/m/it/12 i[]\OT1/cmr/m/n/12 )\OML/cmm/m/it/12 i[]\OT1/cmr/m
/n/12 )\OML/cmm/m/it/12 i[]\OT1/cmr/m/n/12 ) \OMS/cmsy/m/n/12 !
 []


Overfull \hbox (76.424pt too wide) in paragraph at lines 35--53
\OML/cmm/m/it/12 t \OT1/cmr/m/n/12 = 10$ $?(\OML/cmm/m/it/12 m[]\OT1/cmr/m/n/12
 ?(\OML/cmm/m/it/12 m[]\OT1/cmr/m/n/12 ?(\OML/cmm/m/it/12 m[]\OT1/cmr/m/n/12 ?(
\OML/cmm/m/it/12 m[]\OT1/cmr/m/n/12 ?(\OML/cmm/m/it/12 m[]\OT1/cmr/m/n/12 ?(\OM
L/cmm/m/it/12 m[]\OT1/cmr/m/n/12 ?(\OML/cmm/m/it/12 m[]\OT1/cmr/m/n/12 ?(\OML/c
mm/m/it/12 m[]\OT1/cmr/m/n/12 ?(\OML/cmm/m/it/12 m[]\OT1/cmr/m/n/12 ?(\OML/cmm/
m/it/12 m[]\OT1/cmr/m/n/12 ?(\OML/cmm/m/it/12 i[]\OT1/cmr/m/n/12 )\OML/cmm/m/it
/12 i[]\OT1/cmr/m/n/12 )\OML/cmm/m/it/12 i[]\OT1/cmr/m/n/12 )\OML/cmm/m/it/12 i
[]\OT1/cmr/m/n/12 )\OML/cmm/m/it/12 i[]\OT1/cmr/m/n/12 )\OML/cmm/m/it/12 i[]\OT
1/cmr/m/n/12 )\OML/cmm/m/it/12 i[]\OT1/cmr/m/n/12 )\OML/cmm/m/it/12 i[]\OT1/cmr
/m/n/12 )\OML/cmm/m/it/12 i[]\OT1/cmr/m/n/12 )\OML/cmm/m/it/12 i[]\OT1/cmr/m/n/
12 )\OML/cmm/m/it/12 i[]\OT1/cmr/m/n/12 ) \OMS/cmsy/m/n/12 !
 []


Overfull \hbox (45.95914pt too wide) in paragraph at lines 35--53
\OML/cmm/m/it/12 m[]\OT1/cmr/m/n/12 ?(\OML/cmm/m/it/12 m[]\OT1/cmr/m/n/12 ?(\OM
L/cmm/m/it/12 m[]\OT1/cmr/m/n/12 ?(\OML/cmm/m/it/12 m[]\OT1/cmr/m/n/12 ?(\OML/c
mm/m/it/12 m[]\OT1/cmr/m/n/12 ?(\OML/cmm/m/it/12 m[]\OT1/cmr/m/n/12 ?(\OML/cmm/
m/it/12 m[]\OT1/cmr/m/n/12 ?(\OML/cmm/m/it/12 m[]\OT1/cmr/m/n/12 ?(\OML/cmm/m/i
t/12 m[]\OT1/cmr/m/n/12 ?(\OML/cmm/m/it/12 m[]\OT1/cmr/m/n/12 ?(\OML/cmm/m/it/1
2 m[]\OT1/cmr/m/n/12 ?(\OML/cmm/m/it/12 i[]\OT1/cmr/m/n/12 )\OML/cmm/m/it/12 i[
]\OT1/cmr/m/n/12 )\OML/cmm/m/it/12 i[]\OT1/cmr/m/n/12 )\OML/cmm/m/it/12 i[]\OT1
/cmr/m/n/12 )\OML/cmm/m/it/12 i[]\OT1/cmr/m/n/12 )\OML/cmm/m/it/12 i[]\OT1/cmr/
m/n/12 )\OML/cmm/m/it/12 i[]\OT1/cmr/m/n/12 )\OML/cmm/m/it/12 i[]\OT1/cmr/m/n/1
2 )\OML/cmm/m/it/12 i[]\OT1/cmr/m/n/12 )\OML/cmm/m/it/12 i[]\OT1/cmr/m/n/12 )\O
ML/cmm/m/it/12 i[]\OT1/cmr/m/n/12 )$ 
 []


Overfull \hbox (123.39766pt too wide) in paragraph at lines 35--53
\OML/cmm/m/it/12 t \OT1/cmr/m/n/12 = 11$ $?(\OML/cmm/m/it/12 m[]\OT1/cmr/m/n/12
 ?(\OML/cmm/m/it/12 m[]\OT1/cmr/m/n/12 ?(\OML/cmm/m/it/12 m[]\OT1/cmr/m/n/12 ?(
\OML/cmm/m/it/12 m[]\OT1/cmr/m/n/12 ?(\OML/cmm/m/it/12 m[]\OT1/cmr/m/n/12 ?(\OM
L/cmm/m/it/12 m[]\OT1/cmr/m/n/12 ?(\OML/cmm/m/it/12 m[]\OT1/cmr/m/n/12 ?(\OML/c
mm/m/it/12 m[]\OT1/cmr/m/n/12 ?(\OML/cmm/m/it/12 m[]\OT1/cmr/m/n/12 ?(\OML/cmm/
m/it/12 m[]\OT1/cmr/m/n/12 ?(\OML/cmm/m/it/12 m[]\OT1/cmr/m/n/12 ?(\OML/cmm/m/i
t/12 i[]\OT1/cmr/m/n/12 )\OML/cmm/m/it/12 i[]\OT1/cmr/m/n/12 )\OML/cmm/m/it/12 
i[]\OT1/cmr/m/n/12 )\OML/cmm/m/it/12 i[]\OT1/cmr/m/n/12 )\OML/cmm/m/it/12 i[]\O
T1/cmr/m/n/12 )\OML/cmm/m/it/12 i[]\OT1/cmr/m/n/12 )\OML/cmm/m/it/12 i[]\OT1/cm
r/m/n/12 )\OML/cmm/m/it/12 i[]\OT1/cmr/m/n/12 )\OML/cmm/m/it/12 i[]\OT1/cmr/m/n
/12 )\OML/cmm/m/it/12 i[]\OT1/cmr/m/n/12 )\OML/cmm/m/it/12 i[]\OT1/cmr/m/n/12 )
\OML/cmm/m/it/12 i[]\OT1/cmr/m/n/12 ) \OMS/cmsy/m/n/12 !
 []


Overfull \hbox (92.9328pt too wide) in paragraph at lines 35--53
\OML/cmm/m/it/12 m[]\OT1/cmr/m/n/12 ?(\OML/cmm/m/it/12 m[]\OT1/cmr/m/n/12 ?(\OM
L/cmm/m/it/12 m[]\OT1/cmr/m/n/12 ?(\OML/cmm/m/it/12 m[]\OT1/cmr/m/n/12 ?(\OML/c
mm/m/it/12 m[]\OT1/cmr/m/n/12 ?(\OML/cmm/m/it/12 m[]\OT1/cmr/m/n/12 ?(\OML/cmm/
m/it/12 m[]\OT1/cmr/m/n/12 ?(\OML/cmm/m/it/12 m[]\OT1/cmr/m/n/12 ?(\OML/cmm/m/i
t/12 m[]\OT1/cmr/m/n/12 ?(\OML/cmm/m/it/12 m[]\OT1/cmr/m/n/12 ?(\OML/cmm/m/it/1
2 m[]\OT1/cmr/m/n/12 ?(\OML/cmm/m/it/12 m[]\OT1/cmr/m/n/12 ?(\OML/cmm/m/it/12 i
[]\OT1/cmr/m/n/12 )\OML/cmm/m/it/12 i[]\OT1/cmr/m/n/12 )\OML/cmm/m/it/12 i[]\OT
1/cmr/m/n/12 )\OML/cmm/m/it/12 i[]\OT1/cmr/m/n/12 )\OML/cmm/m/it/12 i[]\OT1/cmr
/m/n/12 )\OML/cmm/m/it/12 i[]\OT1/cmr/m/n/12 )\OML/cmm/m/it/12 i[]\OT1/cmr/m/n/
12 )\OML/cmm/m/it/12 i[]\OT1/cmr/m/n/12 )\OML/cmm/m/it/12 i[]\OT1/cmr/m/n/12 )\
OML/cmm/m/it/12 i[]\OT1/cmr/m/n/12 )\OML/cmm/m/it/12 i[]\OT1/cmr/m/n/12 )\OML/c
mm/m/it/12 i[]\OT1/cmr/m/n/12 )$ 
 []


Underfull \hbox (badness 10000) in paragraph at lines 35--53

 []

[1

{/usr/local/texlive/2021/texmf-var/fonts/map/pdftex/updmap/pdftex.map}]
Underfull \hbox (badness 10000) in paragraph at lines 76--94

 []


Underfull \hbox (badness 10000) in paragraph at lines 100--101

 []


Underfull \hbox (badness 10000) in paragraph at lines 103--106

 []

[2]
Underfull \hbox (badness 10000) in paragraph at lines 107--110

 []


Underfull \hbox (badness 10000) in paragraph at lines 111--114

 []


Underfull \hbox (badness 10000) in paragraph at lines 115--120

 []


Underfull \hbox (badness 10000) in paragraph at lines 121--122

 []


Underfull \hbox (badness 10000) in paragraph at lines 123--128

 []

[3] (./tw.aux) ) 
Here is how much of TeX's memory you used:
 3004 strings out of 478994
 42413 string characters out of 5858183
 340595 words of memory out of 5000000
 20469 multiletter control sequences out of 15000+600000
 408637 words of font info for 49 fonts, out of 8000000 for 9000
 1141 hyphenation exceptions out of 8191
 81i,4n,88p,361b,104s stack positions out of 5000i,500n,10000p,200000b,80000s
</usr/local/texlive/2021/texmf-dist/fonts/type1/public/amsfonts
/cm/cmbx12.pfb></usr/local/texlive/2021/texmf-dist/fonts/type1/public/amsfonts/
cm/cmmi12.pfb></usr/local/texlive/2021/texmf-dist/fonts/type1/public/amsfonts/c
m/cmr12.pfb></usr/local/texlive/2021/texmf-dist/fonts/type1/public/amsfonts/cm/
cmr8.pfb></usr/local/texlive/2021/texmf-dist/fonts/type1/public/amsfonts/cm/cms
y10.pfb></usr/local/texlive/2021/texmf-dist/fonts/type1/public/amsfonts/cm/cmsy
6.pfb></usr/local/texlive/2021/texmf-dist/fonts/type1/public/amsfonts/cm/cmsy8.
pfb>
Output written on tw.pdf (3 pages, 73152 bytes).
PDF statistics:
 42 PDF objects out of 1000 (max. 8388607)
 29 compressed objects within 1 object stream
 0 named destinations out of 1000 (max. 500000)
 1 words of extra memory for PDF output out of 10000 (max. 10000000)

